  [1m[36m (932.2ms)[0m  [1mDROP DATABASE IF EXISTS "activity_app_test"[0m
  [1m[35m (825.8ms)[0m  CREATE DATABASE "activity_app_test" ENCODING = 'unicode'
  [1m[36m (256.5ms)[0m  [1mCREATE TABLE "schema_migrations" ("version" character varying(255) NOT NULL) [0m
  [1m[35m (149.7ms)[0m  CREATE UNIQUE INDEX  "unique_schema_migrations" ON "schema_migrations"  ("version")
  [1m[36mActiveRecord::SchemaMigration Load (1.0ms)[0m  [1mSELECT "schema_migrations".* FROM "schema_migrations"[0m
Migrating to CreateUsers (20141120003728)
  [1m[35m (0.5ms)[0m  BEGIN
  [1m[36m (210.7ms)[0m  [1mCREATE TABLE "users" ("id" serial primary key, "username" character varying(255), "location" character varying(255), "img" character varying(255), "description" text, "password" character varying(255), "password_digest" character varying(255), "created_at" timestamp, "updated_at" timestamp) [0m
  [1m[35mSQL (1.0ms)[0m  INSERT INTO "schema_migrations" ("version") VALUES ($1)  [["version", "20141120003728"]]
  [1m[36m (20.1ms)[0m  [1mCOMMIT[0m
  [1m[35mActiveRecord::SchemaMigration Load (1.1ms)[0m  SELECT "schema_migrations".* FROM "schema_migrations"
  [1m[36m (0.2ms)[0m  [1mBEGIN[0m
  [1m[35mSQL (1.5ms)[0m  INSERT INTO "users" ("created_at", "password_digest", "updated_at", "username") VALUES ($1, $2, $3, $4) RETURNING "id"  [["created_at", "2014-11-20 00:45:05.053419"], ["password_digest", "$2a$10$can3yRUWGHTpL1LH04oukuCa0N4uOFRACxFfUAkRH2PFrcnJ2A2Tu"], ["updated_at", "2014-11-20 00:45:05.053419"], ["username", "Jon1213"]]
  [1m[36m (25.2ms)[0m  [1mCOMMIT[0m
  [1m[36mActiveRecord::SchemaMigration Load (0.8ms)[0m  [1mSELECT "schema_migrations".* FROM "schema_migrations"[0m
Migrating to CreateActivities (20141120005354)
  [1m[35m (0.6ms)[0m  BEGIN
  [1m[36m (148.7ms)[0m  [1mCREATE TABLE "activities" ("id" serial primary key, "title" character varying(255), "location" character varying(255), "time_min" integer, "time_max" integer, "description" text, "api_url" character varying(255), "star_rating" float, "user_id" integer, "created_at" timestamp, "updated_at" timestamp) [0m
  [1m[35mSQL (20.9ms)[0m  INSERT INTO "schema_migrations" ("version") VALUES ($1)  [["version", "20141120005354"]]
  [1m[36m (14.0ms)[0m  [1mCOMMIT[0m
  [1m[35mActiveRecord::SchemaMigration Load (0.8ms)[0m  SELECT "schema_migrations".* FROM "schema_migrations"
  [1m[36m (17.1ms)[0m  [1mCREATE TABLE "schema_migrations" ("version" character varying(255) NOT NULL) [0m
  [1m[35m (2.3ms)[0m  CREATE UNIQUE INDEX  "unique_schema_migrations" ON "schema_migrations"  ("version")
  [1m[36mActiveRecord::SchemaMigration Load (0.2ms)[0m  [1mSELECT "schema_migrations".* FROM "schema_migrations"[0m
Migrating to CreateUsers (20141120003728)
  [1m[35m (0.1ms)[0m  BEGIN
  [1m[36m (35.0ms)[0m  [1mCREATE TABLE "users" ("id" serial primary key, "username" character varying(255), "location" character varying(255), "img" character varying(255), "description" text, "password" character varying(255), "password_digest" character varying(255), "created_at" timestamp, "updated_at" timestamp) [0m
  [1m[35mSQL (0.3ms)[0m  INSERT INTO "schema_migrations" ("version") VALUES ($1)  [["version", "20141120003728"]]
  [1m[36m (0.5ms)[0m  [1mCOMMIT[0m
Migrating to CreateActivities (20141120005354)
  [1m[35m (0.2ms)[0m  BEGIN
  [1m[36m (2.8ms)[0m  [1mCREATE TABLE "activities" ("id" serial primary key, "title" character varying(255), "location" character varying(255), "time_min" integer, "time_max" integer, "description" text, "api_url" character varying(255), "star_rating" float, "user_id" integer, "created_at" timestamp, "updated_at" timestamp) [0m
  [1m[35mSQL (0.3ms)[0m  INSERT INTO "schema_migrations" ("version") VALUES ($1)  [["version", "20141120005354"]]
  [1m[36m (0.6ms)[0m  [1mCOMMIT[0m
  [1m[35mActiveRecord::SchemaMigration Load (0.2ms)[0m  SELECT "schema_migrations".* FROM "schema_migrations"
  [1m[36mActiveRecord::SchemaMigration Load (0.1ms)[0m  [1mSELECT "schema_migrations".* FROM "schema_migrations"[0m
  [1m[36mUser Load (0.4ms)[0m  [1mSELECT "users".* FROM "users"[0m
  [1m[36mActiveRecord::SchemaMigration Load (0.3ms)[0m  [1mSELECT "schema_migrations".* FROM "schema_migrations"[0m
  [1m[35m (0.1ms)[0m  BEGIN
  [1m[36m (0.1ms)[0m  [1mROLLBACK[0m
  [1m[36mUser Load (0.4ms)[0m  [1mSELECT "users".* FROM "users"[0m
  [1m[35m (0.1ms)[0m  BEGIN
  [1m[36m (0.1ms)[0m  [1mROLLBACK[0m
  [1m[35m (0.2ms)[0m  BEGIN
  [1m[36m (0.2ms)[0m  [1mROLLBACK[0m
  [1m[35m (0.3ms)[0m  BEGIN
  [1m[36mSQL (16.2ms)[0m  [1mINSERT INTO "users" ("created_at", "password_digest", "updated_at", "username") VALUES ($1, $2, $3, $4) RETURNING "id"[0m  [["created_at", "2014-11-20 03:08:30.756286"], ["password_digest", "$2a$10$K3xwNkH1I9gNH5yivsmEn.EDRW89GhBufP01GF0mIma/nBZjjIiTi"], ["updated_at", "2014-11-20 03:08:30.756286"], ["username", "it"]]
  [1m[35m (0.6ms)[0m  COMMIT
  [1m[36m (0.1ms)[0m  [1mBEGIN[0m
  [1m[35mSQL (14.8ms)[0m  INSERT INTO "activities" ("created_at", "location", "title", "updated_at") VALUES ($1, $2, $3, $4) RETURNING "id"  [["created_at", "2014-11-20 03:09:11.815451"], ["location", "here"], ["title", "fun"], ["updated_at", "2014-11-20 03:09:11.815451"]]
  [1m[36m (0.4ms)[0m  [1mCOMMIT[0m
  [1m[35mUser Load (0.8ms)[0m  SELECT  "users".* FROM "users"   ORDER BY "users"."id" ASC LIMIT 1
  [1m[36mUser Load (0.4ms)[0m  [1mSELECT  "users".* FROM "users"   ORDER BY "users"."id" ASC LIMIT 1[0m
  [1m[36mActiveRecord::SchemaMigration Load (0.4ms)[0m  [1mSELECT "schema_migrations".* FROM "schema_migrations"[0m
Migrating to ActivityUsers (20141120031056)
  [1m[35m (0.2ms)[0m  BEGIN
  [1m[36m (0.1ms)[0m  [1mROLLBACK[0m
  [1m[36mActiveRecord::SchemaMigration Load (0.3ms)[0m  [1mSELECT "schema_migrations".* FROM "schema_migrations"[0m
Migrating to ActivityUsers (20141120031056)
  [1m[35m (0.1ms)[0m  BEGIN
  [1m[36m (5.3ms)[0m  [1mCREATE TABLE "activity_users" ("id" serial primary key, "user_id" integer, "activity_id" integer) [0m
  [1m[35mSQL (0.2ms)[0m  INSERT INTO "schema_migrations" ("version") VALUES ($1)  [["version", "20141120031056"]]
  [1m[36m (0.9ms)[0m  [1mCOMMIT[0m
  [1m[35mActiveRecord::SchemaMigration Load (0.1ms)[0m  SELECT "schema_migrations".* FROM "schema_migrations"
  [1m[36mUser Load (0.6ms)[0m  [1mSELECT  "users".* FROM "users"   ORDER BY "users"."id" ASC LIMIT 1[0m
  [1m[35mUser Load (0.5ms)[0m  SELECT  "users".* FROM "users"   ORDER BY "users"."id" ASC LIMIT 1
  [1m[36mUser Load (0.3ms)[0m  [1mSELECT  "users".* FROM "users"   ORDER BY "users"."id" ASC LIMIT 1[0m
  [1m[35mActivity Load (0.3ms)[0m  SELECT "activities".* FROM "activities"  WHERE "activities"."user_id" = $1  [["user_id", 1]]
  [1m[36mUser Load (0.4ms)[0m  [1mSELECT  "users".* FROM "users"   ORDER BY "users"."id" ASC LIMIT 1[0m
  [1m[36mActiveRecord::SchemaMigration Load (0.3ms)[0m  [1mSELECT "schema_migrations".* FROM "schema_migrations"[0m
  [1m[35mActiveRecord::SchemaMigration Load (0.1ms)[0m  SELECT "schema_migrations".* FROM "schema_migrations"
Migrating to ActivityUsers (20141120031056)
  [1m[36m (0.1ms)[0m  [1mBEGIN[0m
  [1m[35m (11.7ms)[0m  DROP TABLE "activity_users"
  [1m[36mSQL (1.4ms)[0m  [1mDELETE FROM "schema_migrations" WHERE "schema_migrations"."version" = '20141120031056'[0m
  [1m[35m (16.8ms)[0m  COMMIT
  [1m[36mActiveRecord::SchemaMigration Load (0.2ms)[0m  [1mSELECT "schema_migrations".* FROM "schema_migrations"[0m
  [1m[36mActiveRecord::SchemaMigration Load (0.3ms)[0m  [1mSELECT "schema_migrations".* FROM "schema_migrations"[0m
Migrating to ActivityUsers (20141120031056)
  [1m[35m (0.1ms)[0m  BEGIN
  [1m[36m (3.6ms)[0m  [1mCREATE TABLE "activity_users" ("id" serial primary key, "user_id" integer, "activity_id" integer) [0m
  [1m[35mSQL (0.2ms)[0m  INSERT INTO "schema_migrations" ("version") VALUES ($1)  [["version", "20141120031056"]]
  [1m[36m (0.8ms)[0m  [1mCOMMIT[0m
  [1m[35mActiveRecord::SchemaMigration Load (0.1ms)[0m  SELECT "schema_migrations".* FROM "schema_migrations"
  [1m[36mUser Load (0.5ms)[0m  [1mSELECT  "users".* FROM "users"   ORDER BY "users"."id" ASC LIMIT 1[0m
  [1m[35mUser Load (0.3ms)[0m  SELECT  "users".* FROM "users"   ORDER BY "users"."id" ASC LIMIT 1
  [1m[36mUser Load (0.5ms)[0m  [1mSELECT  "users".* FROM "users"   ORDER BY "users"."id" ASC LIMIT 1[0m
  [1m[35mUser Load (0.7ms)[0m  SELECT  "users".* FROM "users"   ORDER BY "users"."id" ASC LIMIT 1
  [1m[36mUser Load (0.2ms)[0m  [1mSELECT  "users".* FROM "users"   ORDER BY "users"."id" ASC LIMIT 1[0m
  [1m[35mUser Load (0.2ms)[0m  SELECT  "users".* FROM "users"   ORDER BY "users"."id" ASC LIMIT 1
  [1m[36mUser Load (0.5ms)[0m  [1mSELECT  "users".* FROM "users"   ORDER BY "users"."id" ASC LIMIT 1[0m
  [1m[35mActivity Load (14.0ms)[0m  SELECT "activities".* FROM "activities" INNER JOIN "activity_users" ON "activities"."id" = "activity_users"."activity_id" WHERE "activity_users"."user_id" = $1  [["user_id", 1]]
  [1m[36mActivity Load (0.5ms)[0m  [1mSELECT  "activities".* FROM "activities"   ORDER BY "activities"."id" ASC LIMIT 1[0m
  [1m[35mActivity Load (0.5ms)[0m  SELECT  "activities".* FROM "activities"   ORDER BY "activities"."id" ASC LIMIT 1
  [1m[36mActivity Load (0.5ms)[0m  [1mSELECT  "activities".* FROM "activities"   ORDER BY "activities"."id" ASC LIMIT 1[0m
  [1m[35mUser Load (0.4ms)[0m  SELECT  "users".* FROM "users"   ORDER BY "users"."id" ASC LIMIT 1
  [1m[36mActivity Load (0.5ms)[0m  [1mSELECT  "activities".* FROM "activities"   ORDER BY "activities"."id" ASC LIMIT 1[0m
  [1m[35mUser Load (0.4ms)[0m  SELECT  "users".* FROM "users"   ORDER BY "users"."id" ASC LIMIT 1
  [1m[36mActivity Load (0.2ms)[0m  [1mSELECT "activities".* FROM "activities"  WHERE "activities"."user_id" = $1[0m  [["user_id", 1]]
